<?xml version="1.0" encoding="UTF-8"?>
<testsuite name="com33.ApplicationTests" tests="1" skipped="0" failures="0" errors="0" timestamp="2023-01-02T05:37:21" hostname="LAPTOP-M9C0GDF3" time="0.045">
  <properties/>
  <testcase name="contextLoads()" classname="com33.ApplicationTests" time="0.045"/>
  <system-out><![CDATA[]]></system-out>
  <system-err><![CDATA[]]></system-err>
</testsuite>
