<?xml version="1.0" encoding="UTF-8"?>
<testsuite name="com33.ApplicationTests" tests="1" skipped="0" failures="0" errors="0" timestamp="2022-12-30T07:52:33" hostname="DESKTOP-OTUJTDR" time="0.054">
  <properties/>
  <testcase name="contextLoads()" classname="com33.ApplicationTests" time="0.054"/>
  <system-out><![CDATA[]]></system-out>
  <system-err><![CDATA[]]></system-err>
</testsuite>
