<?xml version="1.0" encoding="UTF-8"?>
<testsuite name="com33.ApplicationTests" tests="1" skipped="0" failures="0" errors="0" timestamp="2023-01-01T12:11:40" hostname="DESKTOP-OTUJTDR" time="0.027">
  <properties/>
  <testcase name="contextLoads()" classname="com33.ApplicationTests" time="0.027"/>
  <system-out><![CDATA[]]></system-out>
  <system-err><![CDATA[]]></system-err>
</testsuite>
