<?xml version="1.0" encoding="UTF-8"?>
<testsuite name="com33.ApplicationTests" tests="1" skipped="0" failures="0" errors="0" timestamp="2023-01-01T09:05:25" hostname="DESKTOP-OTUJTDR" time="0.024">
  <properties/>
  <testcase name="contextLoads()" classname="com33.ApplicationTests" time="0.024"/>
  <system-out><![CDATA[]]></system-out>
  <system-err><![CDATA[]]></system-err>
</testsuite>
