<?xml version="1.0" encoding="UTF-8"?>
<testsuite name="com33.ApplicationTests" tests="1" skipped="0" failures="0" errors="0" timestamp="2022-12-27T08:29:42" hostname="DESKTOP-OTUJTDR" time="0.272">
  <properties/>
  <testcase name="contextLoads()" classname="com33.ApplicationTests" time="0.272"/>
  <system-out><![CDATA[17:29:29.251 [Test worker] DEBUG org.springframework.test.context.BootstrapUtils - Instantiating CacheAwareContextLoaderDelegate from class [org.springframework.test.context.cache.DefaultCacheAwareContextLoaderDelegate]
17:29:29.281 [Test worker] DEBUG org.springframework.test.context.BootstrapUtils - Instantiating BootstrapContext using constructor [public org.springframework.test.context.support.DefaultBootstrapContext(java.lang.Class,org.springframework.test.context.CacheAwareContextLoaderDelegate)]
17:29:29.369 [Test worker] DEBUG org.springframework.test.context.BootstrapUtils - Instantiating TestContextBootstrapper for test class [com33.ApplicationTests] from class [org.springframework.boot.test.context.SpringBootTestContextBootstrapper]
17:29:29.396 [Test worker] INFO org.springframework.boot.test.context.SpringBootTestContextBootstrapper - Neither @ContextConfiguration nor @ContextHierarchy found for test class [com33.ApplicationTests], using SpringBootContextLoader
17:29:29.407 [Test worker] DEBUG org.springframework.test.context.support.AbstractContextLoader - Did not detect default resource location for test class [com33.ApplicationTests]: class path resource [com33/ApplicationTests-context.xml] does not exist
17:29:29.408 [Test worker] DEBUG org.springframework.test.context.support.AbstractContextLoader - Did not detect default resource location for test class [com33.ApplicationTests]: class path resource [com33/ApplicationTestsContext.groovy] does not exist
17:29:29.409 [Test worker] INFO org.springframework.test.context.support.AbstractContextLoader - Could not detect default resource locations for test class [com33.ApplicationTests]: no resource found for suffixes {-context.xml, Context.groovy}.
17:29:29.411 [Test worker] INFO org.springframework.test.context.support.AnnotationConfigContextLoaderUtils - Could not detect default configuration classes for test class [com33.ApplicationTests]: ApplicationTests does not declare any static, non-private, non-final, nested classes annotated with @Configuration.
17:29:29.522 [Test worker] DEBUG org.springframework.test.context.support.ActiveProfilesUtils - Could not find an 'annotation declaring class' for annotation type [org.springframework.test.context.ActiveProfiles] and class [com33.ApplicationTests]
17:29:29.766 [Test worker] DEBUG org.springframework.context.annotation.ClassPathScanningCandidateComponentProvider - Identified candidate component class: file [C:\Users\choijihyeon\Desktop\Pre-Project\seb41_pre_003\server\build\classes\java\main\com33\Application.class]
17:29:29.769 [Test worker] INFO org.springframework.boot.test.context.SpringBootTestContextBootstrapper - Found @SpringBootConfiguration com33.Application for test class com33.ApplicationTests
17:29:30.139 [Test worker] DEBUG org.springframework.boot.test.context.SpringBootTestContextBootstrapper - @TestExecutionListeners is not present for class [com33.ApplicationTests]: using defaults.
17:29:30.140 [Test worker] INFO org.springframework.boot.test.context.SpringBootTestContextBootstrapper - Loaded default TestExecutionListener class names from location [META-INF/spring.factories]: [org.springframework.boot.test.autoconfigure.restdocs.RestDocsTestExecutionListener, org.springframework.boot.test.autoconfigure.web.client.MockRestServiceServerResetTestExecutionListener, org.springframework.boot.test.autoconfigure.web.servlet.MockMvcPrintOnlyOnFailureTestExecutionListener, org.springframework.boot.test.autoconfigure.web.servlet.WebDriverTestExecutionListener, org.springframework.boot.test.autoconfigure.webservices.client.MockWebServiceServerTestExecutionListener, org.springframework.boot.test.mock.mockito.MockitoTestExecutionListener, org.springframework.boot.test.mock.mockito.ResetMocksTestExecutionListener, org.springframework.test.context.web.ServletTestExecutionListener, org.springframework.test.context.support.DirtiesContextBeforeModesTestExecutionListener, org.springframework.test.context.event.ApplicationEventsTestExecutionListener, org.springframework.test.context.support.DependencyInjectionTestExecutionListener, org.springframework.test.context.support.DirtiesContextTestExecutionListener, org.springframework.test.context.transaction.TransactionalTestExecutionListener, org.springframework.test.context.jdbc.SqlScriptsTestExecutionListener, org.springframework.test.context.event.EventPublishingTestExecutionListener]
17:29:30.182 [Test worker] INFO org.springframework.boot.test.context.SpringBootTestContextBootstrapper - Using TestExecutionListeners: [org.springframework.test.context.web.ServletTestExecutionListener@74a9c4b0, org.springframework.test.context.support.DirtiesContextBeforeModesTestExecutionListener@85ec632, org.springframework.test.context.event.ApplicationEventsTestExecutionListener@1c05a54d, org.springframework.boot.test.mock.mockito.MockitoTestExecutionListener@65ef722a, org.springframework.boot.test.autoconfigure.SpringBootDependencyInjectionTestExecutionListener@5fd9b663, org.springframework.test.context.support.DirtiesContextTestExecutionListener@214894fc, org.springframework.test.context.transaction.TransactionalTestExecutionListener@10567255, org.springframework.test.context.jdbc.SqlScriptsTestExecutionListener@e362c57, org.springframework.test.context.event.EventPublishingTestExecutionListener@1c4ee95c, org.springframework.boot.test.autoconfigure.restdocs.RestDocsTestExecutionListener@79c4715d, org.springframework.boot.test.autoconfigure.web.client.MockRestServiceServerResetTestExecutionListener@5aa360ea, org.springframework.boot.test.autoconfigure.web.servlet.MockMvcPrintOnlyOnFailureTestExecutionListener@6548bb7d, org.springframework.boot.test.autoconfigure.web.servlet.WebDriverTestExecutionListener@e27ba81, org.springframework.boot.test.autoconfigure.webservices.client.MockWebServiceServerTestExecutionListener@54336c81, org.springframework.boot.test.mock.mockito.ResetMocksTestExecutionListener@1556f2dd]
17:29:30.190 [Test worker] DEBUG org.springframework.test.context.support.AbstractDirtiesContextTestExecutionListener - Before test class: context [DefaultTestContext@5a772895 testClass = ApplicationTests, testInstance = [null], testMethod = [null], testException = [null], mergedContextConfiguration = [WebMergedContextConfiguration@39fc6b2c testClass = ApplicationTests, locations = '{}', classes = '{class com33.Application}', contextInitializerClasses = '[]', activeProfiles = '{}', propertySourceLocations = '{}', propertySourceProperties = '{org.springframework.boot.test.context.SpringBootTestContextBootstrapper=true}', contextCustomizers = set[org.springframework.boot.test.autoconfigure.actuate.metrics.MetricsExportContextCustomizerFactory$DisableMetricExportContextCustomizer@a776e, org.springframework.boot.test.autoconfigure.properties.PropertyMappingContextCustomizer@0, org.springframework.boot.test.autoconfigure.web.servlet.WebDriverContextCustomizerFactory$Customizer@e077866, org.springframework.boot.test.context.filter.ExcludeFilterContextCustomizer@1c7fd41f, org.springframework.boot.test.json.DuplicateJsonObjectContextCustomizerFactory$DuplicateJsonObjectContextCustomizer@662f5666, org.springframework.boot.test.mock.mockito.MockitoContextCustomizer@0, org.springframework.boot.test.web.client.TestRestTemplateContextCustomizer@5c87bfe2, org.springframework.boot.test.context.SpringBootTestArgs@1, org.springframework.boot.test.context.SpringBootTestWebEnvironment@6f3187b0], resourceBasePath = 'src/main/webapp', contextLoader = 'org.springframework.boot.test.context.SpringBootContextLoader', parent = [null]], attributes = map['org.springframework.test.context.web.ServletTestExecutionListener.activateListener' -> true]], class annotated with @DirtiesContext [false] with mode [null].

  .   ____          _            __ _ _
 /\\ / ___'_ __ _ _(_)_ __  __ _ \ \ \ \
( ( )\___ | '_ | '_| | '_ \/ _` | \ \ \ \
 \\/  ___)| |_)| | | | | || (_| |  ) ) ) )
  '  |____| .__|_| |_|_| |_\__, | / / / /
 =========|_|==============|___/=/_/_/_/
 :: Spring Boot ::                (v2.7.6)

2022-12-27 17:29:31.266  INFO 3732 --- [    Test worker] com33.ApplicationTests                   : Starting ApplicationTests using Java 11.0.17 on DESKTOP-OTUJTDR with PID 3732 (started by choijihyeon in C:\Users\choijihyeon\Desktop\Pre-Project\seb41_pre_003\server)
2022-12-27 17:29:31.271  INFO 3732 --- [    Test worker] com33.ApplicationTests                   : No active profile set, falling back to 1 default profile: "default"
2022-12-27 17:29:33.458  INFO 3732 --- [    Test worker] .s.d.r.c.RepositoryConfigurationDelegate : Bootstrapping Spring Data JPA repositories in DEFAULT mode.
2022-12-27 17:29:33.679  INFO 3732 --- [    Test worker] .s.d.r.c.RepositoryConfigurationDelegate : Finished Spring Data repository scanning in 199 ms. Found 3 JPA repository interfaces.
2022-12-27 17:29:34.995  INFO 3732 --- [    Test worker] com.zaxxer.hikari.HikariDataSource       : HikariPool-1 - Starting...
2022-12-27 17:29:36.139  INFO 3732 --- [    Test worker] com.zaxxer.hikari.HikariDataSource       : HikariPool-1 - Start completed.
2022-12-27 17:29:36.365  INFO 3732 --- [    Test worker] o.hibernate.jpa.internal.util.LogHelper  : HHH000204: Processing PersistenceUnitInfo [name: default]
2022-12-27 17:29:36.585  INFO 3732 --- [    Test worker] org.hibernate.Version                    : HHH000412: Hibernate ORM core version 5.6.14.Final
2022-12-27 17:29:36.969  INFO 3732 --- [    Test worker] o.hibernate.annotations.common.Version   : HCANN000001: Hibernate Commons Annotations {5.1.2.Final}
2022-12-27 17:29:37.239  INFO 3732 --- [    Test worker] org.hibernate.dialect.Dialect            : HHH000400: Using dialect: org.hibernate.dialect.MySQL8Dialect
2022-12-27 17:29:38.537  INFO 3732 --- [    Test worker] o.h.e.t.j.p.i.JtaPlatformInitiator       : HHH000490: Using JtaPlatform implementation: [org.hibernate.engine.transaction.jta.platform.internal.NoJtaPlatform]
2022-12-27 17:29:38.552  INFO 3732 --- [    Test worker] j.LocalContainerEntityManagerFactoryBean : Initialized JPA EntityManagerFactory for persistence unit 'default'
2022-12-27 17:29:40.641  INFO 3732 --- [    Test worker] o.s.s.web.DefaultSecurityFilterChain     : Will secure any request with [org.springframework.security.web.session.DisableEncodeUrlFilter@52a605c3, org.springframework.security.web.context.request.async.WebAsyncManagerIntegrationFilter@13fad0c7, org.springframework.security.web.context.SecurityContextPersistenceFilter@533a27f8, org.springframework.security.web.header.HeaderWriterFilter@1f7949dc, org.springframework.web.filter.CorsFilter@24fb8317, org.springframework.security.web.authentication.logout.LogoutFilter@1ce45e18, com33.auth.filter.JwtAuthenticationFilter@6d2f910b, com33.auth.filter.JwtVerificationFilter@f451970, org.springframework.security.web.savedrequest.RequestCacheAwareFilter@69e736bf, org.springframework.security.web.servletapi.SecurityContextHolderAwareRequestFilter@639bf405, org.springframework.security.web.authentication.AnonymousAuthenticationFilter@4a7c8cb7, org.springframework.security.web.session.SessionManagementFilter@1e487d57, org.springframework.security.web.access.ExceptionTranslationFilter@75d9b73c, org.springframework.security.web.access.intercept.AuthorizationFilter@126e2710]
2022-12-27 17:29:41.148  WARN 3732 --- [    Test worker] JpaBaseConfiguration$JpaWebConfiguration : spring.jpa.open-in-view is enabled by default. Therefore, database queries may be performed during view rendering. Explicitly configure spring.jpa.open-in-view to disable this warning
2022-12-27 17:29:42.829  INFO 3732 --- [    Test worker] com33.ApplicationTests                   : Started ApplicationTests in 12.546 seconds (JVM running for 15.984)
]]></system-out>
  <system-err><![CDATA[]]></system-err>
</testsuite>
